Traceback (most recent call last):
  File "/Users/viet_tran/Workplace/kql/KqlFuture/src/crawler/transactions.py", line 63, in <module>
    time.sleep(1)
KeyboardInterrupt
Traceback (most recent call last):
  File "/Users/viet_tran/Workplace/kql/KqlFuture/src/crawler/transactions.py", line 63, in <module>
    time.sleep(1)
KeyboardInterrupt
2021-08-05 09:22:17,286 - INFO transactions.py:31 - Updating VN30F1M
2021-08-05 09:22:17,453 - INFO transactions.py:44 - Updated 51 for VN30F1M
2021-08-05 09:22:17,460 - INFO transactions.py:31 - Updating VN30F2M
2021-08-05 09:22:18,041 - INFO transactions.py:44 - Updated 6 for VN30F2M
Traceback (most recent call last):
  File "/Users/viet_tran/Workplace/kql/KqlFuture/src/crawler/transactions.py", line 64, in <module>
    time.sleep(1)
KeyboardInterrupt
2021-08-05 09:22:43,275 - INFO transactions.py:31 - Updating VN30F1M
2021-08-05 09:22:43,403 - INFO transactions.py:44 - Updated 51 for VN30F1M
2021-08-05 09:22:43,409 - INFO transactions.py:31 - Updating VN30F2M
2021-08-05 09:22:43,502 - INFO transactions.py:44 - Updated 6 for VN30F2M
2021-08-05 09:22:58,559 - INFO transactions.py:31 - Updating VN30F1M
2021-08-05 09:22:58,776 - INFO transactions.py:44 - Updated 51 for VN30F1M
2021-08-05 09:22:58,784 - INFO transactions.py:31 - Updating VN30F2M
2021-08-05 09:22:58,862 - INFO transactions.py:44 - Updated 6 for VN30F2M
2021-08-05 09:23:13,905 - INFO transactions.py:31 - Updating VN30F1M
2021-08-05 09:23:14,015 - INFO transactions.py:44 - Updated 51 for VN30F1M
2021-08-05 09:23:14,022 - INFO transactions.py:31 - Updating VN30F2M
2021-08-05 09:23:14,099 - INFO transactions.py:44 - Updated 6 for VN30F2M
2021-08-05 09:23:29,159 - INFO transactions.py:31 - Updating VN30F1M
2021-08-05 09:23:29,260 - INFO transactions.py:44 - Updated 51 for VN30F1M
2021-08-05 09:23:29,268 - INFO transactions.py:31 - Updating VN30F2M
2021-08-05 09:23:29,639 - INFO transactions.py:44 - Updated 6 for VN30F2M
2021-08-05 09:23:44,684 - INFO transactions.py:31 - Updating VN30F1M
2021-08-05 09:23:44,784 - INFO transactions.py:44 - Updated 51 for VN30F1M
2021-08-05 09:23:44,792 - INFO transactions.py:31 - Updating VN30F2M
2021-08-05 09:23:45,090 - INFO transactions.py:44 - Updated 6 for VN30F2M
2021-08-05 09:24:00,137 - INFO transactions.py:31 - Updating VN30F1M
2021-08-05 09:24:00,919 - INFO transactions.py:44 - Updated 51 for VN30F1M
2021-08-05 09:24:00,927 - INFO transactions.py:31 - Updating VN30F2M
2021-08-05 09:24:01,372 - INFO transactions.py:44 - Updated 6 for VN30F2M
2021-08-05 09:24:16,414 - INFO transactions.py:31 - Updating VN30F1M
2021-08-05 09:24:16,759 - INFO transactions.py:44 - Updated 51 for VN30F1M
2021-08-05 09:24:16,767 - INFO transactions.py:31 - Updating VN30F2M
2021-08-05 09:24:16,844 - INFO transactions.py:44 - Updated 6 for VN30F2M
2021-08-05 09:24:31,885 - INFO transactions.py:31 - Updating VN30F1M
2021-08-05 09:24:31,961 - INFO transactions.py:44 - Updated 51 for VN30F1M
2021-08-05 09:24:31,967 - INFO transactions.py:31 - Updating VN30F2M
2021-08-05 09:24:32,398 - INFO transactions.py:44 - Updated 7 for VN30F2M
2021-08-05 09:24:47,450 - INFO transactions.py:31 - Updating VN30F1M
2021-08-05 09:24:47,548 - INFO transactions.py:44 - Updated 51 for VN30F1M
2021-08-05 09:24:47,555 - INFO transactions.py:31 - Updating VN30F2M
2021-08-05 09:24:47,642 - INFO transactions.py:44 - Updated 7 for VN30F2M
2021-08-05 09:25:02,667 - INFO transactions.py:31 - Updating VN30F1M
2021-08-05 09:25:02,767 - INFO transactions.py:44 - Updated 51 for VN30F1M
2021-08-05 09:25:02,775 - INFO transactions.py:31 - Updating VN30F2M
2021-08-05 09:25:02,859 - INFO transactions.py:44 - Updated 7 for VN30F2M
2021-08-05 09:25:17,904 - INFO transactions.py:31 - Updating VN30F1M
2021-08-05 09:25:18,008 - INFO transactions.py:44 - Updated 51 for VN30F1M
2021-08-05 09:25:18,016 - INFO transactions.py:31 - Updating VN30F2M
2021-08-05 09:25:18,094 - INFO transactions.py:44 - Updated 7 for VN30F2M
2021-08-05 09:25:33,150 - INFO transactions.py:31 - Updating VN30F1M
2021-08-05 09:25:33,257 - INFO transactions.py:44 - Updated 51 for VN30F1M
2021-08-05 09:25:33,265 - INFO transactions.py:31 - Updating VN30F2M
2021-08-05 09:25:33,353 - INFO transactions.py:44 - Updated 8 for VN30F2M
2021-08-05 09:25:48,400 - INFO transactions.py:31 - Updating VN30F1M
2021-08-05 09:25:48,726 - INFO transactions.py:44 - Updated 51 for VN30F1M
2021-08-05 09:25:48,734 - INFO transactions.py:31 - Updating VN30F2M
2021-08-05 09:25:49,089 - INFO transactions.py:44 - Updated 8 for VN30F2M
2021-08-05 09:26:04,141 - INFO transactions.py:31 - Updating VN30F1M
2021-08-05 09:26:04,748 - INFO transactions.py:44 - Updated 51 for VN30F1M
2021-08-05 09:26:04,755 - INFO transactions.py:31 - Updating VN30F2M
2021-08-05 09:26:04,843 - INFO transactions.py:44 - Updated 9 for VN30F2M
2021-08-05 09:26:19,885 - INFO transactions.py:31 - Updating VN30F1M
2021-08-05 09:26:20,009 - INFO transactions.py:44 - Updated 51 for VN30F1M
2021-08-05 09:26:20,017 - INFO transactions.py:31 - Updating VN30F2M
2021-08-05 09:26:20,927 - INFO transactions.py:44 - Updated 9 for VN30F2M
2021-08-05 09:26:35,977 - INFO transactions.py:31 - Updating VN30F1M
2021-08-05 09:26:36,095 - INFO transactions.py:44 - Updated 51 for VN30F1M
2021-08-05 09:26:36,107 - INFO transactions.py:31 - Updating VN30F2M
2021-08-05 09:26:36,199 - INFO transactions.py:44 - Updated 9 for VN30F2M
2021-08-05 09:26:51,245 - INFO transactions.py:31 - Updating VN30F1M
2021-08-05 09:26:51,347 - INFO transactions.py:44 - Updated 51 for VN30F1M
2021-08-05 09:26:51,354 - INFO transactions.py:31 - Updating VN30F2M
2021-08-05 09:26:51,439 - INFO transactions.py:44 - Updated 9 for VN30F2M
2021-08-05 09:27:06,480 - INFO transactions.py:31 - Updating VN30F1M
2021-08-05 09:27:06,811 - INFO transactions.py:44 - Updated 51 for VN30F1M
2021-08-05 09:27:06,819 - INFO transactions.py:31 - Updating VN30F2M
2021-08-05 09:27:06,898 - INFO transactions.py:44 - Updated 9 for VN30F2M
2021-08-05 09:27:21,940 - INFO transactions.py:31 - Updating VN30F1M
2021-08-05 09:27:22,129 - INFO transactions.py:44 - Updated 51 for VN30F1M
2021-08-05 09:27:22,136 - INFO transactions.py:31 - Updating VN30F2M
2021-08-05 09:27:22,217 - INFO transactions.py:44 - Updated 9 for VN30F2M
2021-08-05 09:27:37,262 - INFO transactions.py:31 - Updating VN30F1M
2021-08-05 09:27:37,400 - INFO transactions.py:44 - Updated 51 for VN30F1M
2021-08-05 09:27:37,408 - INFO transactions.py:31 - Updating VN30F2M
2021-08-05 09:27:37,523 - INFO transactions.py:44 - Updated 9 for VN30F2M
2021-08-05 09:27:52,576 - INFO transactions.py:31 - Updating VN30F1M
2021-08-05 09:27:52,702 - INFO transactions.py:44 - Updated 51 for VN30F1M
2021-08-05 09:27:52,709 - INFO transactions.py:31 - Updating VN30F2M
2021-08-05 09:27:52,787 - INFO transactions.py:44 - Updated 9 for VN30F2M
2021-08-05 09:28:07,886 - INFO transactions.py:31 - Updating VN30F1M
2021-08-05 09:28:07,995 - INFO transactions.py:44 - Updated 51 for VN30F1M
2021-08-05 09:28:08,002 - INFO transactions.py:31 - Updating VN30F2M
2021-08-05 09:28:08,068 - INFO transactions.py:44 - Updated 9 for VN30F2M
2021-08-05 09:28:23,158 - INFO transactions.py:31 - Updating VN30F1M
2021-08-05 09:28:23,275 - INFO transactions.py:44 - Updated 51 for VN30F1M
2021-08-05 09:28:23,283 - INFO transactions.py:31 - Updating VN30F2M
2021-08-05 09:28:23,374 - INFO transactions.py:44 - Updated 9 for VN30F2M
2021-08-05 09:28:38,474 - INFO transactions.py:31 - Updating VN30F1M
2021-08-05 09:28:38,889 - INFO transactions.py:44 - Updated 51 for VN30F1M
2021-08-05 09:28:38,897 - INFO transactions.py:31 - Updating VN30F2M
2021-08-05 09:28:38,970 - INFO transactions.py:44 - Updated 9 for VN30F2M
2021-08-05 09:28:54,042 - INFO transactions.py:31 - Updating VN30F1M
2021-08-05 09:28:54,120 - INFO transactions.py:44 - Updated 51 for VN30F1M
2021-08-05 09:28:54,128 - INFO transactions.py:31 - Updating VN30F2M
2021-08-05 09:28:54,202 - INFO transactions.py:44 - Updated 9 for VN30F2M
2021-08-05 09:29:09,242 - INFO transactions.py:31 - Updating VN30F1M
2021-08-05 09:29:09,325 - INFO transactions.py:44 - Updated 51 for VN30F1M
2021-08-05 09:29:09,333 - INFO transactions.py:31 - Updating VN30F2M
2021-08-05 09:29:09,688 - INFO transactions.py:44 - Updated 9 for VN30F2M
2021-08-05 09:29:24,747 - INFO transactions.py:31 - Updating VN30F1M
2021-08-05 09:29:24,821 - INFO transactions.py:44 - Updated 51 for VN30F1M
2021-08-05 09:29:24,828 - INFO transactions.py:31 - Updating VN30F2M
2021-08-05 09:29:24,897 - INFO transactions.py:44 - Updated 9 for VN30F2M
2021-08-05 09:29:39,950 - INFO transactions.py:31 - Updating VN30F1M
2021-08-05 09:29:40,042 - INFO transactions.py:44 - Updated 51 for VN30F1M
2021-08-05 09:29:40,050 - INFO transactions.py:31 - Updating VN30F2M
2021-08-05 09:29:40,128 - INFO transactions.py:44 - Updated 9 for VN30F2M
